baseline:
1 298.2761356939018 1.0
2 297.0845471735446 2.0
3 295.78188212353285 3.0
4 298.0067636632394 4.0
5 297.1320134897873 5.0
6 295.19351075420695 6.0
7 297.9483844002681 7.0
8 296.69139414770996 8.0
9 298.1569028067122 9.0
10 295.8121159068577 10.0
11 297.62375076179706 11.0
12 297.40661689702296 12.0
13 297.50693216766706 13.0
14 325.6776147511113 13.993
15 846.7275203485259 14.58
16 1886.2034087485263 11.032
17 2430.547072285711 3.655
18 2779.9723577910495 0.342
19 3167.7737730826016 0.019
20 3467.5396376437748 0.0
