baseline:
100 301.29117679377214 100.0
150 301.93627351024816 150.0
200 301.5519480087989 200.0
250 301.7038607028289 250.0
300 302.7972183084036 299.976
350 303.06544393907365 349.9095
400 306.50657280370916 399.717
450 313.9272019814512 448.4425
500 326.055315578872 496.2255
550 358.78074349055214 540.62
600 393.1177233133328 578.745
650 462.051860309798 611.7895
700 567.6930287352708 631.727
750 684.1219901333983 642.4375
800 861.3771161977193 635.2385
850 1046.224736069466 616.6335
900 1264.5306336425786 588.755
950 1537.6341222882181 544.658
1000 1812.1076644735763 492.8745
1050 2099.578023797233 442.011
1100 2417.1246700496486 383.6305
1150 2685.8550706383894 327.5975
1200 3005.53739649115 274.6455
1250 3285.7260188741657 225.3025
1300 3580.796099692097 182.4695
1350 3895.427187722509 144.807
1400 4197.368763102674 111.292
1450 4474.704829052117 85.6995
1500 4777.873567880266 65.775
1550 5062.501968327453 47.8595
1600 5360.889332340928 36.74
1650 5658.6076858125725 25.6745
1700 5893.891861236496 18.845
1750 6176.878517271007 14.267
