baseline:
100 302.00041101455656 100.0
150 301.4701661197421 150.0
200 301.3278232972778 200.0
250 301.28263422928836 250.0
300 302.4579126940085 299.9755
350 303.2256518346216 349.8825
400 306.7254568020654 399.67
450 315.875374575681 448.796
500 328.59646285742167 495.195
550 356.86551099758293 540.153
600 391.264656234365 580.0175
650 463.44320292274034 611.7885
700 571.891814840509 631.5535
750 688.7690769758157 640.589
800 861.8968686368069 636.572
850 1046.8353745144846 619.692
900 1285.2257788880877 588.4845
950 1538.1894306387092 544.5255
1000 1798.4623750012977 495.995
1050 2097.783125137595 442.7325
1100 2381.922971972696 384.8225
1150 2698.7495922554763 326.6335
1200 2979.527632412321 273.6155
1250 3283.136712813067 222.942
1300 3593.645782778412 180.7595
1350 3899.2464365156034 144.166
1400 4211.122279690776 111.562
1450 4500.061054544964 86.8415
1500 4760.702294119865 64.4535
1550 5060.445795913818 48.852
1600 5323.217879028191 36.018
