baseline:
1000 327.2646265203496 991.764
1050 341.9978978898036 1036.986
1100 355.2681938696851 1080.01
1150 374.3815293244583 1121.939
1200 400.4380460677425 1158.043
1250 431.3680800472369 1192.75
1300 463.10325921552237 1222.2205
1350 511.16970933416684 1246.0155
1400 561.7190452104782 1263.653
1450 628.908679205566 1276.3745
1500 700.1544177355462 1279.8985
1550 772.6275016298492 1282.262
1600 852.6106713359637 1272.8305
1650 955.7290901959726 1259.467
1700 1056.1026595589483 1233.822
1750 1166.8214023012056 1206.373
1800 1294.7895197533364 1174.9895
1850 1400.698408401992 1135.5905
1900 1545.7620370312432 1089.9285
1950 1664.3297924502335 1043.347
2000 1806.8280210371313 989.871
2050 1949.1222884843287 936.649
2100 2092.2710702840463 877.1065
2150 2246.4323934661406 823.4955
2200 2385.7111643359162 768.046
2250 2539.3297352967943 709.6675
2300 2696.042146985968 657.235
2350 2848.7440096052214 601.547
2400 3015.8588204234297 549.3735
2450 3137.7759356515417 499.064
2500 3318.5829342193665 451.4885
2550 3454.770175930419 404.41
2600 3629.0620390897557 363.8225
2650 3748.430091395793 323.964
2700 3900.628847463677 291.293
2750 4051.4235131702812 256.352
2800 4195.857532850855 224.9575
2850 4343.555009698517 198.571
2900 4485.976291515524 176.341
2950 4636.865301056344 150.973
3000 4774.539796377167 133.289
3050 4908.964913825762 113.192
3100 5077.676917523166 100.6965
3150 5205.831684109317 85.2325
3200 5352.350583751898 72.148
3250 5489.89569205745 61.761
3300 5640.132323533161 51.1825
3350 5772.168161962296 45.6075
3400 5929.435840945026 39.1125
3450 6071.464625203222 31.7505
3500 6175.433768786666 26.306
3550 6305.693920837891 23.4755
3600 6460.9827062915465 19.7415
3650 6595.975663774704 16.6735
3700 6730.518961579254 13.729
3750 6866.425699968138 10.644
3800 7015.971738200366 9.0785
3850 7144.065446202687 7.786
3900 7315.0143619426435 6.768
3950 7413.67964060652 5.2765
