lsu:
100 505.4319350300798 100.0
150 706.12100748617 149.999
200 841.0180630918969 199.998
250 921.1631944254099 249.97
300 965.0637080629043 299.938
350 985.3980631144657 349.8625
400 997.1979108714986 399.5295
450 1005.7899485477913 448.955
500 1015.4298024004121 497.6535
550 1026.063891039632 545.601
600 1042.9262990985078 591.9825
650 1072.245866735692 636.0625
700 1103.5527019953877 677.1805
750 1153.4365044758674 714.398
800 1201.5547978543295 748.179
850 1261.4116600827579 775.2455
900 1353.3153008405302 794.3355
950 1424.8832136360961 808.187
1000 1525.868079493236 810.7535
1050 1611.6172576904119 806.5985
1100 1702.5854050748358 791.857
1150 1786.163676967708 764.749
1200 1870.4344918358413 728.586
1250 1971.455706858458 686.577
1300 2039.3438583626753 636.8805
1350 2105.82920738873 580.861
1400 2177.7295196708496 522.755
1450 2218.217673333887 465.3065
1500 2420.562208413416 405.512
1550 2716.099674686139 348.4545
1600 3026.0554131550693 295.5955
