lsu:
1000 1016.3077610829414 995.1935
1050 1021.1602079957847 1043.391
1100 1027.8684975159028 1090.6085
1150 1036.7505802178944 1137.008
1200 1046.6628282816478 1183.3285
1250 1057.0455409005765 1228.0735
1300 1067.5255905064216 1271.8735
1350 1087.7172848110988 1313.3385
1400 1106.610183683819 1353.6975
1450 1126.49078816329 1391.791
1500 1144.0626211305505 1429.5195
1550 1176.142567426618 1462.769
1600 1208.0836722694542 1492.961
1650 1241.5361907241618 1522.5825
1700 1275.453042326099 1547.525
1750 1309.3841013434073 1568.5335
1800 1346.376548482359 1589.511
1850 1382.522809765777 1603.866
1900 1432.6983159123818 1611.9115
1950 1478.9496257861713 1617.1475
2000 1520.2154720436065 1619.826
2050 1564.0604270042936 1616.7175
2100 1615.5704278149021 1606.107
2150 1656.9285321582067 1593.6825
2200 1708.0547802123158 1578.1065
2250 1753.9641796112826 1554.028
2300 1801.3638210357112 1527.5075
2350 1834.7821051567298 1493.212
2400 1888.3117758509318 1456.4125
2450 1929.3616270137015 1414.0955
2500 1968.3702816036846 1366.536
2550 2009.4547106467242 1323.2285
2600 2037.6582754667982 1270.5215
2650 2077.545055211254 1218.12
2700 2111.4679330579784 1161.546
2750 2145.9504548731793 1106.9055
2800 2168.268403501671 1048.485
2850 2198.740287225333 988.0075
2900 2225.093724442148 929.4255
2950 2288.217788007071 868.217
3000 2429.506068694056 811.743
3050 2593.815890006974 753.2615
3100 2745.9732001995803 700.522
3150 2869.018423105386 647.9135
3200 3002.075052910393 598.523
3250 3152.013687669704 549.068
3300 3310.554530427023 501.294
3350 3420.7475936936403 456.7975
3400 3574.424508049079 412.257
3450 3699.963499434223 374.9015
3500 3851.8676190668707 338.643
3550 4007.8999541504827 306.241
3600 4150.624988144803 275.9315
3650 4271.961866337924 245.1635
3700 4419.203657371454 217.122
3750 4583.360976416034 194.0445
3800 4670.827929198928 171.08
3850 4826.703030518143 150.29
3900 4968.192657881922 133.9335
3950 5072.034876471319 116.776
