lsu:
100 488.0265805254399 100.0
150 706.8750962063009 150.0
200 845.1056698312067 199.995
250 921.6396306423702 249.977
300 961.6622546044282 299.947
350 986.8281694903279 349.8255
400 998.1305104530326 399.593
450 1009.2584139194526 448.9195
500 1016.7546571993923 497.64
550 1028.172031975162 545.3975
600 1041.5329909406846 591.96
650 1072.126230626756 635.8115
700 1107.8722188933177 677.2395
750 1155.8222787860025 714.446
800 1210.8093221110098 747.5005
850 1262.8325510223588 775.219
900 1336.065898149204 794.6255
950 1428.0248342699242 807.863
1000 1512.528471317552 811.22
1050 1619.8782651946808 806.0315
1100 1701.4628504620966 790.452
1150 1803.293658366243 763.124
1200 1875.3117660867122 729.395
1250 1960.445679663539 685.509
1300 2042.0970566673197 636.3855
1350 2115.7008573300186 582.1085
1400 2171.7427915571157 521.161
1450 2219.972981679131 464.435
1500 2429.697414418053 406.52
1550 2723.3906173795285 348.501
1600 3018.691494695916 296.088
1650 3278.1017428414057 250.3165
1700 3571.5735428395474 204.2345
1750 3855.398744025642 168.97
