lsu:
1 297.4183565071545 1.0
2 992.5079502666965 2.0
3 994.9126964275962 3.0
4 994.3746876436177 4.0
5 991.7715984952491 5.0
6 991.6243525512386 6.0
7 994.0615597272085 6.997
8 1000.4391572748374 7.993
9 999.0112767894083 8.988
10 1010.3238532123894 9.967
11 1025.0073752279568 10.9535
12 1075.3250751252847 11.8495
13 1195.478207914332 12.578
14 1405.7332381963158 13.1075
15 1701.577244866799 13.483
16 1994.0164852061882 13.86
17 2184.5942531883497 14.374
18 2311.120670621746 14.627
19 2378.706294108679 11.13
20 2400.720720525459 3.778
