prt:
100 302.1533583446014 100.0
150 301.8389512061801 150.0
200 301.9687102054882 200.0
250 301.62709793278344 249.993
300 301.7149933259848 300.0
350 301.6454671997385 349.9845
400 303.80898693204205 399.9045
450 303.33816495834236 449.844
500 308.49367741374243 499.2825
550 310.60271201574807 548.4255
600 317.9935048015162 596.853
650 332.4049906848995 644.243
700 348.6885527084808 690.572
750 362.2354879025691 735.1185
800 390.500937243295 777.9965
850 426.86400196659963 817.4365
900 458.70384407819034 856.404
950 504.3959579014521 890.915
1000 547.7351006841728 919.737
1050 601.6104922551303 941.928
1100 691.1967833271988 958.7805
1150 791.9853417507807 965.4915
1200 903.619093735213 964.436
1250 1010.3099149798609 949.732
1300 1124.6539676260843 927.3195
1350 1228.9822803182735 892.3175
1400 1352.7403024443156 843.3085
1450 1460.6444661695082 793.4195
1500 1573.6625932892796 731.803
1550 1686.6505516597256 663.512
1600 1809.5855393371505 599.532
