prt:
1 295.7421701843904 1.0
2 297.08938505620597 2.0
3 296.9550949166896 3.0
4 296.8878077983464 4.0
5 296.48446751694695 5.0
6 296.98338103145534 6.0
7 296.85907706618485 7.0
8 295.83967832243763 8.0
9 298.57177544733275 9.0
10 296.19132352508655 10.0
11 295.43752742138923 11.0
12 297.332298290577 12.0
13 298.0835534421616 13.0
14 299.95782413321785 13.986
15 349.44183931242316 14.745
16 547.2666025307766 14.87
17 891.0419413194536 15.389
18 1003.9553097926347 16.2975
19 1189.6321756140087 16.6895
20 1537.5172880236805 12.2865
