prt:
1000 307.9381961479226 998.688
1050 309.30802972611707 1047.917
1100 311.27334607024795 1096.927
1150 316.607150531277 1145.436
1200 320.44122191582505 1193.4995
1250 324.0313582422815 1241.095
1300 331.50267339615016 1288.3275
1350 340.00597934433114 1334.5675
1400 346.710763798654 1380.3065
1450 357.29104999476334 1426.0825
1500 372.02328872509685 1469.438
1550 380.7358228924224 1513.385
1600 391.5509930433981 1554.7875
1650 411.2042428031515 1595.1885
1700 425.01437452496407 1636.4205
1750 444.16944159394524 1674.446
1800 460.6399600602251 1710.899
1850 482.41692004189963 1745.601
1900 494.4382730780395 1780.277
1950 525.8994387200668 1808.8975
2000 549.8234673039841 1839.225
2050 576.3133577095628 1866.0205
2100 599.4000018490827 1881.527
2150 637.4688982309251 1902.272
2200 689.2769006117996 1915.7275
2250 741.711506880391 1926.5145
2300 792.4094250607861 1928.0125
2350 841.43511151607 1933.687
2400 893.4098169518597 1926.226
2450 952.7416571410174 1911.097
2500 1010.1213492990526 1896.2175
2550 1071.9216979889966 1874.362
2600 1111.7645333798669 1849.1555
2650 1174.072176794005 1814.123
2700 1229.8121156677298 1777.91
2750 1283.954720189277 1733.847
2800 1346.0545201056077 1687.6415
2850 1396.0082561642305 1639.2875
2900 1454.9602508268229 1581.8475
2950 1523.942550418761 1521.98
3000 1570.8046359593156 1459.812
3050 1628.4069938980228 1394.198
3100 1700.4661885518503 1332.4125
3150 1744.4507338823155 1266.9655
3200 1795.865240986947 1194.31
3250 1858.6197974309484 1128.262
3300 1917.580123095386 1059.091
3350 1987.7962515664321 991.9
3400 2068.5358472546463 926.018
3450 2146.214384119658 865.319
3500 2221.310775267433 799.505
3550 2266.8753515813764 739.066
3600 2340.8635060517827 679.9485
3650 2410.4741014064307 628.9965
3700 2487.9088132867287 573.053
3750 2549.406429361822 520.9885
3800 2609.4911535303345 476.382
3850 2683.117005077866 428.887
3900 2735.2116700254387 393.7295
3950 2795.255653959906 355.976
