prt:
100 301.909346599189 100.0
150 301.7472004754184 150.0
200 302.307757587362 200.0
250 301.75742569328963 250.0
300 301.5515042374543 300.0
350 301.709971292597 349.9765
400 302.1197866731299 399.9295
450 304.0928942674778 449.701
500 305.71229121041034 499.2995
550 310.15443409852236 548.384
600 319.3919726761009 596.906
650 334.35422019103567 644.0745
700 347.4060643950978 690.181
750 368.5907841107589 735.2655
800 395.482426067236 778.278
850 432.9307698608092 817.183
900 463.38939809471765 855.5065
950 502.5053267585853 889.7655
1000 545.2748286034267 919.8525
1050 600.8673487251997 941.8985
1100 687.5865208451546 958.294
1150 796.3424372509553 966.3105
1200 888.5583323117826 961.8185
1250 1007.9151864054838 949.9405
1300 1112.3680337333767 927.505
1350 1216.5759109096246 890.3785
1400 1336.4038214590598 844.8715
1450 1450.3881163414776 792.42
1500 1568.4742870799007 732.8945
1550 1682.4801781899546 664.67
1600 1800.5130168395274 594.08
1650 1936.875261516648 527.9785
1700 2071.1077462344338 465.2565
1750 2212.5020939069814 398.6075
