wrr:
100 301.8786691277937 99.98
150 353.49947036969144 149.89
200 436.9788014630939 199.716
250 512.5205247622815 249.109
300 584.7207961593235 298.316
350 637.5563888041478 347.063
400 702.9521864585706 394.825
450 743.9010918384162 442.093
500 787.241999244961 488.472
550 836.9410173998659 534.315
600 880.2591911604703 578.0055
650 916.7396543233067 621.185
700 955.2956007606052 661.796
750 999.0994766156373 701.085
800 1050.4665578015852 737.762
850 1079.3459143345788 772.1155
900 1122.9658791737238 799.802
950 1161.2601720054315 824.6055
1000 1208.7284685526965 844.3765
1050 1245.9117275474093 859.61
1100 1306.9155607520906 864.836
1150 1346.241121364492 865.547
1200 1383.6899054022422 859.1045
1250 1435.3564756254934 841.402
1300 1491.7617006380362 819.815
1350 1525.9600171831364 794.5485
1400 1564.5343130083752 760.1845
1450 1607.1354698295288 724.9965
1500 1676.461017522258 684.516
1550 1883.127185565912 638.758
1600 2071.156326033901 597.4695
