wrr:
1000 1006.6379684116279 1000.0
1050 1007.3936864953304 1050.0
1100 1006.4923188710484 1100.0
1150 1005.9320467209823 1150.0
1200 1006.1944947413956 1199.9965
1250 1006.2148197733277 1249.9825
1300 1007.431663250349 1299.889
1350 1006.2711833039498 1349.6165
1400 1007.0435267132467 1399.421
1450 1005.6598409591916 1449.428
1500 1006.3086247827661 1499.412
1550 1006.748469867934 1548.796
1600 1006.8285882685126 1596.332
1650 1006.08724940673 1644.3605
1700 1006.1720808091238 1687.112
1750 1007.5843020934124 1727.8705
1800 1007.0978354420843 1770.5685
1850 1006.8404630180455 1820.242
1900 1006.4105075999967 1869.3935
1950 1007.1774535122304 1905.276
2000 1007.0159973515258 1932.5925
2050 1006.506641640574 1957.6755
2100 1005.5461052158199 1966.3
2150 1006.6605693111053 1976.324
2200 1008.0356099898453 2005.933
2250 1006.0966338370375 2054.244
2300 1007.3998532097967 2105.507
2350 1006.3612997447281 2099.509
2400 1006.6782436893533 2092.0675
2450 1006.5991142067331 2081.0985
2500 1006.7992437179269 2057.56
2550 1007.4697987846097 2029.8215
2600 1525.1837321832083 2008.832
2650 1529.5431214101661 1983.0485
2700 1530.349840679767 1955.102
2750 1528.1443647831322 1914.175
2800 1530.128287636716 1886.1995
2850 1526.654407006409 1853.96
2900 1527.931731715857 1815.9995
2950 1521.9967261897361 1783.896
3000 1539.4735278215996 1758.6265
3050 1531.5701125039648 1730.652
3100 1577.2458056712992 1695.8555
3150 1582.893970592252 1667.01
3200 1606.5627615631522 1621.72
3250 1927.8346950952189 1592.278
3300 1962.9187995607329 1554.905
3350 2245.8088050980205 1478.441
3400 2251.330981012166 1354.5465
3450 2254.4702432839167 1239.0555
3500 2304.7566182387436 1194.1315
3550 2353.290295151052 1166.4715
3600 2688.3097924439458 1129.678
3650 2734.3379899373085 1090.1865
3700 2727.655349383056 1065.3615
3750 2767.4796783268457 967.5805
3800 2727.295936450678 852.086
3850 3086.688593480369 750.4805
3900 3109.80824321768 717.727
3950 3142.034869590488 696.5735
