wrr:
1 297.0800348882241 1.0
2 295.91026638559805 2.0
3 988.5494866993502 3.0
4 993.6106139433356 4.0
5 992.1649021759123 5.0
6 988.2917920901083 6.0
7 992.2074926340835 7.0
8 997.07000614437 8.0
9 992.7879658603557 9.0
10 990.1890292292527 10.0
11 991.8161325910631 11.0
12 993.0667290600907 12.0
13 988.1388390075822 13.0
14 996.0411880761818 14.0
15 990.345715923412 15.0
16 997.9562822225654 16.0
17 1001.197405809788 17.0
18 1485.409157006636 17.01
19 1503.5183447905488 17.501
20 1533.2986032751123 13.996
