wrr:
100 301.2941417590844 100.0
150 1003.9658809027837 150.0
200 1005.9927001195758 200.0
250 1006.1672847788525 250.0
300 1005.17465702223 300.0
350 1006.8392168639289 350.0
400 1006.7298643424937 400.0
450 1006.1629183139983 450.0
500 1006.953165986152 500.0
550 1007.2929223826975 550.0
600 1006.3327577691011 600.0
650 1006.2396001333547 649.9565
700 1007.7104959571528 699.716
750 1006.5985793096105 749.696
800 1005.852474255107 798.2815
850 1007.7877230033118 843.6315
900 1007.1067399163045 884.9
950 1006.4885541767287 934.495
1000 1007.8979534708893 966.493
1050 1006.8263054542334 984.1975
1100 1005.3916878915105 1003.6025
1150 1005.6028295856759 1052.596
1200 1006.9647268802374 1043.353
1250 1005.084141329735 1028.2075
1300 1521.459880703489 1003.9545
1350 1529.9561710980702 973.886
1400 1527.6113042926995 943.3225
1450 1531.1683313177216 910.3995
1500 1529.9718503244515 876.5645
1550 1555.703701949651 849.329
1600 1603.9235061808888 811.6515
1650 1961.064849399794 775.2915
1700 2252.124336193729 676.248
1750 2332.2532398721423 601.7835
