1.0
i:0, rate:900, w: 5, P99: 972.7202658492895
1.0
i:1, rate:1000, w: 5, P99: 1003.8657111388976
1.0
i:2, rate:1200, w: 6, P99: 1001.1384391069737
1.0
i:3, rate:2200, w: 6, P99: 1179.9165624773545
1.0
i:4, rate:1900, w: 6, P99: 1146.1822162803758
0.9900000000000001
i:5, rate:1500, w: 6, P99: 1086.3867155353573
1.0
i:6, rate:2000, w: 6, P99: 1160.7301992656037
0.9900000000000001
i:7, rate:2200, w: 6, P99: 1185.9988844763222
1.0
i:8, rate:1300, w: 6, P99: 1030.4401270829308
1.0
i:9, rate:400, w: 0, P99: 179.60690586642596
0.9801000000000001
i:10, rate:600, w: 5, P99: 877.1009992342669
0.9900000000000001
i:11, rate:1800, w: 6, P99: 1141.1212748385676
0.9900000000000001
i:12, rate:2300, w: 6, P99: 1190.4828971488384
0.9900000000000001
i:13, rate:2300, w: 6, P99: 1195.0827531163904
0.9900000000000001
i:14, rate:2200, w: 6, P99: 1177.1367175588211
0.9801000000000001
i:15, rate:1500, w: 6, P99: 1080.007064977231
0.9900000000000001
i:16, rate:500, w: 0, P99: 210.0617261057886
0.9900000000000001
i:17, rate:2100, w: 6, P99: 1176.064065864091
0.9801000000000001
i:18, rate:500, w: 0, P99: 214.49230485648775
0.9801000000000001
i:19, rate:2100, w: 6, P99: 1171.8259347417052
0.9801000000000001
i:20, rate:1700, w: 6, P99: 1117.8454179565001
i:21, rate:200, w: 5, P99: 578.0411169373741
1.0
i:22, rate:600, w: 0, P99: 262.11669427716106
0.970299
i:23, rate:2400, w: 6, P99: 1199.3172366908275
0.9801000000000001
i:24, rate:1700, w: 6, P99: 1112.4416816462817
0.970299
i:25, rate:1900, w: 6, P99: 1144.1672192192173
0.970299
i:26, rate:2000, w: 6, P99: 1160.3856651903827
0.9
1.0
i:27, rate:300, w: 6, P99: 707.7396602091573
0.9605960100000002
i:28, rate:2200, w: 6, P99: 1187.1649892708867
0.970299
i:29, rate:500, w: 0, P99: 221.12922275367953
0.9605960100000002
i:30, rate:1900, w: 6, P99: 1144.9768211365076
0.97039701
i:31, rate:1600, w: 6, P99: 1097.9968456130055
0.9605960100000002
i:32, rate:400, w: 0, P99: 181.63483405819252
1.0289446772727708
i:33, rate:1300, w: 0, P99: 1294.366986920501
0.9706940299000002
i:34, rate:1300, w: 6, P99: 1031.331230650786
0.9706940299000002
i:35, rate:1100, w: 5, P99: 1028.044243904172
0.960592059701
i:36, rate:700, w: 5, P99: 913.393235263108
1.0
i:37, rate:800, w: 0, P99: 390.0439857039967
0.97039701
i:38, rate:1700, w: 6, P99: 1111.1727004363881
0.9900000000000001
i:39, rate:800, w: 0, P99: 441.24908143386506
0.97039701
i:40, rate:1500, w: 6, P99: 1080.4586448765813
0.97039701
i:41, rate:1700, w: 6, P99: 1113.311899112714
0.9512860897000002
i:42, rate:1200, w: 6, P99: 1004.4302633272131
0.8902930597009999
0.950888089601
i:43, rate:500, w: 5, P99: 837.3133614966612
0.97039701
i:44, rate:1600, w: 6, P99: 1099.3832911546892
0.9509900499000001
i:45, rate:2300, w: 6, P99: 1200.2015268527082
0.9509900499000001
i:46, rate:2200, w: 6, P99: 1182.4307289923383
0.9415821196
i:47, rate:1000, w: 5, P99: 1003.0930087359435
0.97039701
i:48, rate:1700, w: 6, P99: 1113.3009794039747
1.0
i:49, rate:1000, w: 0, P99: 717.9500249763124
0.9318781495
i:50, rate:1300, w: 6, P99: 1033.1808207856798
0.9900000000000001
i:51, rate:700, w: 0, P99: 308.0384841556434
0.9509900499000001
i:52, rate:400, w: 0, P99: 184.71657050364377
0.941480149401
i:53, rate:2100, w: 6, P99: 1172.381671986581
0.97039701
i:54, rate:1500, w: 6, P99: 1078.374584354327
0.93206534790699
i:55, rate:2400, w: 6, P99: 1197.9527600595568
0.941480149401
i:56, rate:500, w: 0, P99: 216.85518185835582
0.9801000000000001
i:57, rate:700, w: 0, P99: 313.406233982423
0.93206534790699
i:58, rate:2300, w: 6, P99: 1188.1385992701425
0.93206534790699
i:59, rate:500, w: 0, P99: 212.3295672793832
0.97039701
i:60, rate:1700, w: 6, P99: 1120.8397784540268
1.0
i:61, rate:200, w: 0, P99: 135.189988381102
0.970299
i:62, rate:800, w: 0, P99: 403.8321375899052
0.93206534790699
i:63, rate:2300, w: 6, P99: 1190.058817303066
0.93206534790699
i:64, rate:2400, w: 6, P99: 1195.7709374830547
0.9221741794
i:65, rate:1400, w: 6, P99: 1054.5979673221966
0.92274469442792
i:66, rate:400, w: 0, P99: 185.83560227538254
1.0
i:67, rate:900, w: 0, P99: 518.9824361150327
0.9900000000000001
i:68, rate:200, w: 0, P99: 134.99810278043745
0.9221741794
i:69, rate:1300, w: 6, P99: 1025.6636118144852
0.93206534790699
i:70, rate:2100, w: 6, P99: 1173.7120660232868
0.9221741794
i:71, rate:1300, w: 6, P99: 1027.2341756345477
0.8530219137219902
1.0410104952272097
i:72, rate:300, w: 6, P99: 711.3812629825784
0.9221741794
i:73, rate:1300, w: 6, P99: 1030.3334298983527
0.9221741794
i:74, rate:1000, w: 5, P99: 1004.0269408399789
0.97039701
i:75, rate:1600, w: 6, P99: 1094.392540287788
0.92274469442792
i:76, rate:2000, w: 6, P99: 1169.1364768412263
0.9135172474836408
i:77, rate:2200, w: 6, P99: 1176.5765527431772
0.9135172474836408
i:78, rate:2000, w: 6, P99: 1154.8212530453163
0.9043820750088045
i:79, rate:2100, w: 6, P99: 1176.4594998953255
0.9900000000000001
i:80, rate:1000, w: 0, P99: 721.0144788173764
0.9124702092999999
i:81, rate:1400, w: 6, P99: 1055.1656024456552
0.9801000000000001
i:82, rate:600, w: 0, P99: 255.3981465482639
0.9605960100000002
i:83, rate:800, w: 0, P99: 424.5948676637704
0.8953382542587165
i:84, rate:2000, w: 6, P99: 1158.4734408130555
0.97039701
i:85, rate:1500, w: 6, P99: 1075.7679878878878
0.8863848717161296
i:86, rate:1900, w: 6, P99: 1148.2200786029975
0.9615331612828387
i:87, rate:1700, w: 6, P99: 1117.307225302594
0.9135172474836408
i:88, rate:400, w: 0, P99: 187.95048188774646
0.8438001719279896
1.0326616280833816
i:89, rate:300, w: 6, P99: 713.0880065111095
0.8863848717161296
i:90, rate:2200, w: 6, P99: 1178.1945997103817
0.8775210229989683
i:91, rate:2200, w: 6, P99: 1184.8248091032035
0.8775210229989683
i:92, rate:2400, w: 6, P99: 1197.5781218052155
0.970299
i:93, rate:700, w: 0, P99: 308.82409762527647
0.8775210229989683
i:94, rate:2100, w: 6, P99: 1173.7098836359296
0.9043820750088045
i:95, rate:400, w: 0, P99: 184.73076002245782
0.8953382542587165
i:96, rate:400, w: 0, P99: 187.2503562047462
0.8687458127689782
i:97, rate:2200, w: 6, P99: 1187.850159297012
0.9028548776871717
i:98, rate:1200, w: 6, P99: 1008.8903283462745
0.8438001719279896
1.0223350118025478
i:99, rate:300, w: 6, P99: 711.4773499734374
0 [0, 0, 0]
5 [0, 0, 0]
10 [0, 0, 0]
15 [-0.11000000000000001, 1.9900000000000002, 0]
20 [3.4406222575779695, 0, 0]
25 [0.8902930597009999, 11.361512828387072, 0]
30 [-0.11000000000000001, 3.940399, 0]
35 [-0.119801, 4.900995010000001, 0]
40 [-0.1, 1.0, 0]
45 [-0.41734361209400006, 1.9900000000000002, 0]
50 [0, 0, 0]
55 [-0.12970099999999998, 0, 0]
60 [2.854140967387172, 0, 0]
65 [-94.380017192799, -1.2111661684522308, -4.102664167950705]
70 [4.775336448400999, 0, 0]
75 [8.715741358899999, 0, -0.1]
80 [9.71451223128284, 0, 0]
85 [3.8466838717161296, 0, 0]
90 [13.12541872310217, -0.1, -0.199]
95 [15.107451557778516, -0.199, -0.1]
